[2025-01-16 16:58:16] Запрос на авторизацию: /wo_login.php
[2025-01-16 16:58:16] Ошибка: initData отсутствует.
[2025-01-16 16:58:17] Запрос на авторизацию: /wo_login.php?initData=query_id%3DAAHHS7IiAAAAAMdLsiINi6_i%26user%3D%257B%2522id%2522%253A582110151%252C%2522first_name%2522%253A%2522%253C%25D0%2595ugen%25D0%25B5%255C%252F%253E%2522%252C%2522last_name%2522%253A%2522%2522%252C%2522username%2522%253A%2522oumall%2522%252C%2522language_code%2522%253A%2522ru%2522%252C%2522allows_write_to_pm%2522%253Atrue%252C%2522photo_url%2522%253A%2522https%253A%255C%252F%255C%252Ft.me%255C%252Fi%255C%252Fuserpic%255C%252F320%255C%252F7GrSpFJ3h0o42h3_uHzeff_VnPxzzy1e_NbM3O20fBw.svg%2522%257D%26auth_date%3D1737046696%26signature%3D6FNw_M2DLodv5872yyDqse4FzCyezOlZIcp-Iu6GEm2HkA4gPNfJqxWOP86CiPEvZARsn0GThQNcUPViNUEDAQ%26hash%3Dcced7f6aa76b22ebee7f04313249135f1cdabeeb0be197c5bd88b8c299e518c5
[2025-01-16 16:58:17] Полученные initData: query_id=AAHHS7IiAAAAAMdLsiINi6_i&user=%7B%22id%22%3A582110151%2C%22first_name%22%3A%22%3C%D0%95ugen%D0%B5%5C%2F%3E%22%2C%22last_name%22%3A%22%22%2C%22username%22%3A%22oumall%22%2C%22language_code%22%3A%22ru%22%2C%22allows_write_to_pm%22%3Atrue%2C%22photo_url%22%3A%22https%3A%5C%2F%5C%2Ft.me%5C%2Fi%5C%2Fuserpic%5C%2F320%5C%2F7GrSpFJ3h0o42h3_uHzeff_VnPxzzy1e_NbM3O20fBw.svg%22%7D&auth_date=1737046696&signature=6FNw_M2DLodv5872yyDqse4FzCyezOlZIcp-Iu6GEm2HkA4gPNfJqxWOP86CiPEvZARsn0GThQNcUPViNUEDAQ&hash=cced7f6aa76b22ebee7f04313249135f1cdabeeb0be197c5bd88b8c299e518c5
[2025-01-16 16:58:17] Telegram ID: 582110151, Имя пользователя: oumall
[2025-01-16 16:58:17] Пользователь найден: ID в базе данных - 119
[2025-01-16 16:58:17] Пользователь авторизован.
[2025-01-16 17:06:01] Запрос на авторизацию: /wo_login.php
[2025-01-16 17:06:01] Ошибка: initData отсутствует.
[2025-01-16 17:06:02] Запрос на авторизацию: /wo_login.php?initData=query_id%3DAAHHS7IiAAAAAMdLsiLSKtmO%26user%3D%257B%2522id%2522%253A582110151%252C%2522first_name%2522%253A%2522%253C%25D0%2595ugen%25D0%25B5%255C%252F%253E%2522%252C%2522last_name%2522%253A%2522%2522%252C%2522username%2522%253A%2522oumall%2522%252C%2522language_code%2522%253A%2522ru%2522%252C%2522allows_write_to_pm%2522%253Atrue%252C%2522photo_url%2522%253A%2522https%253A%255C%252F%255C%252Ft.me%255C%252Fi%255C%252Fuserpic%255C%252F320%255C%252F7GrSpFJ3h0o42h3_uHzeff_VnPxzzy1e_NbM3O20fBw.svg%2522%257D%26auth_date%3D1737047161%26signature%3D98I5zd1QZJkyCMokosvdJh0Vl0pbKe-JEygmgFRHehEi4fv9_l5AXdA1DsZGY35gyc-_SpncqH6DhYMZ8DtDDQ%26hash%3De73d9be1af41685e60a1e27d35c24ac0357fe884ed75dc36b311dd94033b74eb
[2025-01-16 17:06:02] Полученные initData: query_id=AAHHS7IiAAAAAMdLsiLSKtmO&user=%7B%22id%22%3A582110151%2C%22first_name%22%3A%22%3C%D0%95ugen%D0%B5%5C%2F%3E%22%2C%22last_name%22%3A%22%22%2C%22username%22%3A%22oumall%22%2C%22language_code%22%3A%22ru%22%2C%22allows_write_to_pm%22%3Atrue%2C%22photo_url%22%3A%22https%3A%5C%2F%5C%2Ft.me%5C%2Fi%5C%2Fuserpic%5C%2F320%5C%2F7GrSpFJ3h0o42h3_uHzeff_VnPxzzy1e_NbM3O20fBw.svg%22%7D&auth_date=1737047161&signature=98I5zd1QZJkyCMokosvdJh0Vl0pbKe-JEygmgFRHehEi4fv9_l5AXdA1DsZGY35gyc-_SpncqH6DhYMZ8DtDDQ&hash=e73d9be1af41685e60a1e27d35c24ac0357fe884ed75dc36b311dd94033b74eb
[2025-01-16 17:06:02] Telegram ID: 582110151, Имя пользователя: oumall
[2025-01-16 17:06:02] Пользователь найден: ID в базе данных - 119
[2025-01-16 17:06:02] Пользователь авторизован.
[2025-01-16 18:40:55] Запрос на авторизацию: /wo_login.php
[2025-01-16 18:40:55] Ошибка: initData отсутствует.
[2025-01-16 18:40:55] Запрос на авторизацию: /wo_login.php?initData=user%3D%257B%2522id%2522%253A5414042665%252C%2522first_name%2522%253A%2522Delete%2520Akk%2522%252C%2522last_name%2522%253A%2522%2522%252C%2522language_code%2522%253A%2522ru%2522%252C%2522is_premium%2522%253Atrue%252C%2522allows_write_to_pm%2522%253Atrue%252C%2522photo_url%2522%253A%2522https%253A%255C%252F%255C%252Ft.me%255C%252Fi%255C%252Fuserpic%255C%252F320%255C%252Ff90P5Sc2ByBiJrjYvGcmNVERH-kEvXALQMm6sfODsBYnaQWhuEutaNwSvgAHWte2.svg%2522%257D%26chat_instance%3D353878807503951090%26chat_type%3Dsender%26auth_date%3D1737052855%26signature%3De3v2KSvIKVVN0gmcvoMoXHhb5fnwybhhJ_Ge7M9quQaVW4ElRHV5rZj5M_mj-RXARQV_E9NQCdDlAtgAl71bBQ%26hash%3D63c2703f22193158176b3a3cf75e57b4672a6b35e62e9febbc260ac34b21fa37
[2025-01-16 18:40:55] Полученные initData: user=%7B%22id%22%3A5414042665%2C%22first_name%22%3A%22Delete%20Akk%22%2C%22last_name%22%3A%22%22%2C%22language_code%22%3A%22ru%22%2C%22is_premium%22%3Atrue%2C%22allows_write_to_pm%22%3Atrue%2C%22photo_url%22%3A%22https%3A%5C%2F%5C%2Ft.me%5C%2Fi%5C%2Fuserpic%5C%2F320%5C%2Ff90P5Sc2ByBiJrjYvGcmNVERH-kEvXALQMm6sfODsBYnaQWhuEutaNwSvgAHWte2.svg%22%7D&chat_instance=353878807503951090&chat_type=sender&auth_date=1737052855&signature=e3v2KSvIKVVN0gmcvoMoXHhb5fnwybhhJ_Ge7M9quQaVW4ElRHV5rZj5M_mj-RXARQV_E9NQCdDlAtgAl71bBQ&hash=63c2703f22193158176b3a3cf75e57b4672a6b35e62e9febbc260ac34b21fa37
[2025-01-16 18:40:55] Telegram ID: 5414042665, Имя пользователя: Unknown
[2025-01-16 18:50:05] Запрос на авторизацию: /wo_login.php
[2025-01-16 18:50:05] Ошибка: initData отсутствует.
[2025-01-16 18:50:05] Запрос на авторизацию: /wo_login.php?initData=query_id%3DAAHHS7IiAAAAAMdLsiKgBfO3%26user%3D%257B%2522id%2522%253A582110151%252C%2522first_name%2522%253A%2522%253C%25D0%2595ugen%25D0%25B5%255C%252F%253E%2522%252C%2522last_name%2522%253A%2522%2522%252C%2522username%2522%253A%2522oumall%2522%252C%2522language_code%2522%253A%2522ru%2522%252C%2522allows_write_to_pm%2522%253Atrue%252C%2522photo_url%2522%253A%2522https%253A%255C%252F%255C%252Ft.me%255C%252Fi%255C%252Fuserpic%255C%252F320%255C%252F7GrSpFJ3h0o42h3_uHzeff_VnPxzzy1e_NbM3O20fBw.svg%2522%257D%26auth_date%3D1737053405%26signature%3DqYUiDl0c58ECNuESvg1tIYpAqpDq82thpTVt1jsBnN-89Z7PJJzeYPsF8ky-eaVqkLbHi9sB4b_MkRb5azDEAw%26hash%3D46f317d3e5c99d40d211c03466d5baba81e03741dc26fdcab497c16298a780ca
[2025-01-16 18:50:05] Полученные initData: query_id=AAHHS7IiAAAAAMdLsiKgBfO3&user=%7B%22id%22%3A582110151%2C%22first_name%22%3A%22%3C%D0%95ugen%D0%B5%5C%2F%3E%22%2C%22last_name%22%3A%22%22%2C%22username%22%3A%22oumall%22%2C%22language_code%22%3A%22ru%22%2C%22allows_write_to_pm%22%3Atrue%2C%22photo_url%22%3A%22https%3A%5C%2F%5C%2Ft.me%5C%2Fi%5C%2Fuserpic%5C%2F320%5C%2F7GrSpFJ3h0o42h3_uHzeff_VnPxzzy1e_NbM3O20fBw.svg%22%7D&auth_date=1737053405&signature=qYUiDl0c58ECNuESvg1tIYpAqpDq82thpTVt1jsBnN-89Z7PJJzeYPsF8ky-eaVqkLbHi9sB4b_MkRb5azDEAw&hash=46f317d3e5c99d40d211c03466d5baba81e03741dc26fdcab497c16298a780ca
[2025-01-16 18:50:05] Telegram ID: 582110151, Имя пользователя: oumall
[2025-01-16 18:50:05] Пользователь найден: ID в базе данных - 119
[2025-01-16 18:50:05] Пользователь авторизован.
